<?xml version="1.0" encoding="UTF-8"?>
<testsuite xmlns:xsi="http://www.w3.org/2001/XMLSchema-instance" xsi:noNamespaceSchemaLocation="https://maven.apache.org/surefire/maven-surefire-plugin/xsd/surefire-test-report-3.0.xsd" version="3.0" name="TestSuite" time="1.575" tests="15" errors="0" skipped="10" failures="5">
  <properties>
    <property name="java.specification.version" value="15"/>
    <property name="sun.jnu.encoding" value="UTF-8"/>
    <property name="java.class.path" value="/Users/anatolysennikov/Documents/Otus/LESSONS/otus-grid/target/test-classes:/Users/anatolysennikov/Documents/Otus/LESSONS/otus-grid/target/classes:/Users/anatolysennikov/.m2/repository/org/seleniumhq/selenium/selenium-java/3.141.59/selenium-java-3.141.59.jar:/Users/anatolysennikov/.m2/repository/org/seleniumhq/selenium/selenium-api/3.141.59/selenium-api-3.141.59.jar:/Users/anatolysennikov/.m2/repository/org/seleniumhq/selenium/selenium-chrome-driver/3.141.59/selenium-chrome-driver-3.141.59.jar:/Users/anatolysennikov/.m2/repository/org/seleniumhq/selenium/selenium-edge-driver/3.141.59/selenium-edge-driver-3.141.59.jar:/Users/anatolysennikov/.m2/repository/org/seleniumhq/selenium/selenium-firefox-driver/3.141.59/selenium-firefox-driver-3.141.59.jar:/Users/anatolysennikov/.m2/repository/org/seleniumhq/selenium/selenium-ie-driver/3.141.59/selenium-ie-driver-3.141.59.jar:/Users/anatolysennikov/.m2/repository/org/seleniumhq/selenium/selenium-opera-driver/3.141.59/selenium-opera-driver-3.141.59.jar:/Users/anatolysennikov/.m2/repository/org/seleniumhq/selenium/selenium-remote-driver/3.141.59/selenium-remote-driver-3.141.59.jar:/Users/anatolysennikov/.m2/repository/org/seleniumhq/selenium/selenium-safari-driver/3.141.59/selenium-safari-driver-3.141.59.jar:/Users/anatolysennikov/.m2/repository/org/seleniumhq/selenium/selenium-support/3.141.59/selenium-support-3.141.59.jar:/Users/anatolysennikov/.m2/repository/net/bytebuddy/byte-buddy/1.8.15/byte-buddy-1.8.15.jar:/Users/anatolysennikov/.m2/repository/org/apache/commons/commons-exec/1.3/commons-exec-1.3.jar:/Users/anatolysennikov/.m2/repository/com/google/guava/guava/25.0-jre/guava-25.0-jre.jar:/Users/anatolysennikov/.m2/repository/com/google/code/findbugs/jsr305/1.3.9/jsr305-1.3.9.jar:/Users/anatolysennikov/.m2/repository/org/checkerframework/checker-compat-qual/2.0.0/checker-compat-qual-2.0.0.jar:/Users/anatolysennikov/.m2/repository/com/google/errorprone/error_prone_annotations/2.1.3/error_prone_annotations-2.1.3.jar:/Users/anatolysennikov/.m2/repository/com/google/j2objc/j2objc-annotations/1.1/j2objc-annotations-1.1.jar:/Users/anatolysennikov/.m2/repository/org/codehaus/mojo/animal-sniffer-annotations/1.14/animal-sniffer-annotations-1.14.jar:/Users/anatolysennikov/.m2/repository/com/squareup/okhttp3/okhttp/3.11.0/okhttp-3.11.0.jar:/Users/anatolysennikov/.m2/repository/com/squareup/okio/okio/1.14.0/okio-1.14.0.jar:/Users/anatolysennikov/.m2/repository/org/testng/testng/7.4.0/testng-7.4.0.jar:/Users/anatolysennikov/.m2/repository/com/beust/jcommander/1.78/jcommander-1.78.jar:/Users/anatolysennikov/.m2/repository/org/webjars/jquery/3.5.1/jquery-3.5.1.jar:/Users/anatolysennikov/.m2/repository/io/github/bonigarcia/webdrivermanager/4.3.1/webdrivermanager-4.3.1.jar:/Users/anatolysennikov/.m2/repository/org/slf4j/slf4j-api/1.7.30/slf4j-api-1.7.30.jar:/Users/anatolysennikov/.m2/repository/commons-io/commons-io/2.8.0/commons-io-2.8.0.jar:/Users/anatolysennikov/.m2/repository/com/google/code/gson/gson/2.8.6/gson-2.8.6.jar:/Users/anatolysennikov/.m2/repository/org/apache/commons/commons-lang3/3.11/commons-lang3-3.11.jar:/Users/anatolysennikov/.m2/repository/org/apache/httpcomponents/client5/httpclient5/5.0.3/httpclient5-5.0.3.jar:/Users/anatolysennikov/.m2/repository/org/apache/httpcomponents/core5/httpcore5/5.0.2/httpcore5-5.0.2.jar:/Users/anatolysennikov/.m2/repository/org/apache/httpcomponents/core5/httpcore5-h2/5.0.2/httpcore5-h2-5.0.2.jar:/Users/anatolysennikov/.m2/repository/commons-codec/commons-codec/1.13/commons-codec-1.13.jar:/Users/anatolysennikov/.m2/repository/org/rauschig/jarchivelib/1.1.0/jarchivelib-1.1.0.jar:/Users/anatolysennikov/.m2/repository/org/apache/commons/commons-compress/1.20/commons-compress-1.20.jar:/Users/anatolysennikov/.m2/repository/org/jsoup/jsoup/1.13.1/jsoup-1.13.1.jar:"/>
    <property name="java.vm.vendor" value="Amazon.com Inc."/>
    <property name="sun.arch.data.model" value="64"/>
    <property name="java.vendor.url" value="https://aws.amazon.com/corretto/"/>
    <property name="user.timezone" value="Europe/Samara"/>
    <property name="os.name" value="Mac OS X"/>
    <property name="java.vm.specification.version" value="15"/>
    <property name="sun.java.launcher" value="SUN_STANDARD"/>
    <property name="user.country" value="RU"/>
    <property name="sun.boot.library.path" value="/Users/anatolysennikov/.sdkman/candidates/java/15.0.2.7.1-amzn/lib"/>
    <property name="sun.java.command" value="/Users/anatolysennikov/Documents/Otus/LESSONS/otus-grid/target/surefire/surefirebooter16706688470137914881.jar /Users/anatolysennikov/Documents/Otus/LESSONS/otus-grid/target/surefire 2021-07-09T22-22-56_292-jvmRun1 surefire2119397178902057642tmp surefire_08044243888565535846tmp"/>
    <property name="jdk.debug" value="release"/>
    <property name="surefire.test.class.path" value="/Users/anatolysennikov/Documents/Otus/LESSONS/otus-grid/target/test-classes:/Users/anatolysennikov/Documents/Otus/LESSONS/otus-grid/target/classes:/Users/anatolysennikov/.m2/repository/org/seleniumhq/selenium/selenium-java/3.141.59/selenium-java-3.141.59.jar:/Users/anatolysennikov/.m2/repository/org/seleniumhq/selenium/selenium-api/3.141.59/selenium-api-3.141.59.jar:/Users/anatolysennikov/.m2/repository/org/seleniumhq/selenium/selenium-chrome-driver/3.141.59/selenium-chrome-driver-3.141.59.jar:/Users/anatolysennikov/.m2/repository/org/seleniumhq/selenium/selenium-edge-driver/3.141.59/selenium-edge-driver-3.141.59.jar:/Users/anatolysennikov/.m2/repository/org/seleniumhq/selenium/selenium-firefox-driver/3.141.59/selenium-firefox-driver-3.141.59.jar:/Users/anatolysennikov/.m2/repository/org/seleniumhq/selenium/selenium-ie-driver/3.141.59/selenium-ie-driver-3.141.59.jar:/Users/anatolysennikov/.m2/repository/org/seleniumhq/selenium/selenium-opera-driver/3.141.59/selenium-opera-driver-3.141.59.jar:/Users/anatolysennikov/.m2/repository/org/seleniumhq/selenium/selenium-remote-driver/3.141.59/selenium-remote-driver-3.141.59.jar:/Users/anatolysennikov/.m2/repository/org/seleniumhq/selenium/selenium-safari-driver/3.141.59/selenium-safari-driver-3.141.59.jar:/Users/anatolysennikov/.m2/repository/org/seleniumhq/selenium/selenium-support/3.141.59/selenium-support-3.141.59.jar:/Users/anatolysennikov/.m2/repository/net/bytebuddy/byte-buddy/1.8.15/byte-buddy-1.8.15.jar:/Users/anatolysennikov/.m2/repository/org/apache/commons/commons-exec/1.3/commons-exec-1.3.jar:/Users/anatolysennikov/.m2/repository/com/google/guava/guava/25.0-jre/guava-25.0-jre.jar:/Users/anatolysennikov/.m2/repository/com/google/code/findbugs/jsr305/1.3.9/jsr305-1.3.9.jar:/Users/anatolysennikov/.m2/repository/org/checkerframework/checker-compat-qual/2.0.0/checker-compat-qual-2.0.0.jar:/Users/anatolysennikov/.m2/repository/com/google/errorprone/error_prone_annotations/2.1.3/error_prone_annotations-2.1.3.jar:/Users/anatolysennikov/.m2/repository/com/google/j2objc/j2objc-annotations/1.1/j2objc-annotations-1.1.jar:/Users/anatolysennikov/.m2/repository/org/codehaus/mojo/animal-sniffer-annotations/1.14/animal-sniffer-annotations-1.14.jar:/Users/anatolysennikov/.m2/repository/com/squareup/okhttp3/okhttp/3.11.0/okhttp-3.11.0.jar:/Users/anatolysennikov/.m2/repository/com/squareup/okio/okio/1.14.0/okio-1.14.0.jar:/Users/anatolysennikov/.m2/repository/org/testng/testng/7.4.0/testng-7.4.0.jar:/Users/anatolysennikov/.m2/repository/com/beust/jcommander/1.78/jcommander-1.78.jar:/Users/anatolysennikov/.m2/repository/org/webjars/jquery/3.5.1/jquery-3.5.1.jar:/Users/anatolysennikov/.m2/repository/io/github/bonigarcia/webdrivermanager/4.3.1/webdrivermanager-4.3.1.jar:/Users/anatolysennikov/.m2/repository/org/slf4j/slf4j-api/1.7.30/slf4j-api-1.7.30.jar:/Users/anatolysennikov/.m2/repository/commons-io/commons-io/2.8.0/commons-io-2.8.0.jar:/Users/anatolysennikov/.m2/repository/com/google/code/gson/gson/2.8.6/gson-2.8.6.jar:/Users/anatolysennikov/.m2/repository/org/apache/commons/commons-lang3/3.11/commons-lang3-3.11.jar:/Users/anatolysennikov/.m2/repository/org/apache/httpcomponents/client5/httpclient5/5.0.3/httpclient5-5.0.3.jar:/Users/anatolysennikov/.m2/repository/org/apache/httpcomponents/core5/httpcore5/5.0.2/httpcore5-5.0.2.jar:/Users/anatolysennikov/.m2/repository/org/apache/httpcomponents/core5/httpcore5-h2/5.0.2/httpcore5-h2-5.0.2.jar:/Users/anatolysennikov/.m2/repository/commons-codec/commons-codec/1.13/commons-codec-1.13.jar:/Users/anatolysennikov/.m2/repository/org/rauschig/jarchivelib/1.1.0/jarchivelib-1.1.0.jar:/Users/anatolysennikov/.m2/repository/org/apache/commons/commons-compress/1.20/commons-compress-1.20.jar:/Users/anatolysennikov/.m2/repository/org/jsoup/jsoup/1.13.1/jsoup-1.13.1.jar:"/>
    <property name="sun.cpu.endian" value="little"/>
    <property name="user.home" value="/Users/anatolysennikov"/>
    <property name="user.language" value="en"/>
    <property name="java.specification.vendor" value="Oracle Corporation"/>
    <property name="java.version.date" value="2021-01-19"/>
    <property name="java.home" value="/Users/anatolysennikov/.sdkman/candidates/java/15.0.2.7.1-amzn"/>
    <property name="file.separator" value="/"/>
    <property name="basedir" value="/Users/anatolysennikov/Documents/Otus/LESSONS/otus-grid"/>
    <property name="java.vm.compressedOopsMode" value="Zero based"/>
    <property name="line.separator" value="&#10;"/>
    <property name="java.vm.specification.vendor" value="Oracle Corporation"/>
    <property name="java.specification.name" value="Java Platform API Specification"/>
    <property name="surefire.real.class.path" value="/Users/anatolysennikov/Documents/Otus/LESSONS/otus-grid/target/surefire/surefirebooter16706688470137914881.jar"/>
    <property name="sun.management.compiler" value="HotSpot 64-Bit Tiered Compilers"/>
    <property name="java.runtime.version" value="15.0.2+7"/>
    <property name="user.name" value="anatolysennikov"/>
    <property name="path.separator" value=":"/>
    <property name="os.version" value="10.15.7"/>
    <property name="java.runtime.name" value="OpenJDK Runtime Environment"/>
    <property name="file.encoding" value="UTF-8"/>
    <property name="java.vm.name" value="OpenJDK 64-Bit Server VM"/>
    <property name="java.vendor.version" value="Corretto-15.0.2.7.1"/>
    <property name="localRepository" value="/Users/anatolysennikov/.m2/repository"/>
    <property name="java.vendor.url.bug" value="https://github.com/corretto/corretto-jdk/issues/"/>
    <property name="java.io.tmpdir" value="/var/folders/__/4m76sd057_dbmc3n7cpklyg80000gn/T/"/>
    <property name="java.version" value="15.0.2"/>
    <property name="user.dir" value="/Users/anatolysennikov/Documents/Otus/LESSONS/otus-grid"/>
    <property name="os.arch" value="x86_64"/>
    <property name="java.vm.specification.name" value="Java Virtual Machine Specification"/>
    <property name="java.library.path" value="/Users/anatolysennikov/Library/Java/Extensions:/Library/Java/Extensions:/Network/Library/Java/Extensions:/System/Library/Java/Extensions:/usr/lib/java:."/>
    <property name="java.vm.info" value="mixed mode, sharing"/>
    <property name="java.vendor" value="Amazon.com Inc."/>
    <property name="java.vm.version" value="15.0.2+7"/>
    <property name="sun.io.unicode.encoding" value="UnicodeBig"/>
    <property name="java.class.version" value="59.0"/>
  </properties>
  <testcase name="setUp" classname="ru.otus.qa.automation.tests.testng.Test03" time="1.33">
    <failure message="Error forwarding the new session cannot find : Capabilities {browserName: chrome, platform: WIN8, version: 91}&#10;Command duration or timeout: 123 milliseconds" type="org.openqa.selenium.WebDriverException"><![CDATA[org.openqa.selenium.WebDriverException: 
Error forwarding the new session cannot find : Capabilities {browserName: chrome, platform: WIN8, version: 91}
Command duration or timeout: 123 milliseconds
	at ru.otus.qa.automation.tests.testng.Test03.setUp(Test03.java:17)
Caused by: org.openqa.selenium.WebDriverException: 
Error forwarding the new session cannot find : Capabilities {browserName: chrome, platform: WIN8, version: 91}
Build info: version: '3.141.59', revision: 'e82be7d358', time: '2018-11-14T08:17:03'
System info: host: 'LP-RU00535.local', ip: 'fe80:0:0:0:4bf:58c7:fa13:808f%en0', os.name: 'Mac OS X', os.arch: 'x86_64', os.version: '10.15.7', java.version: '15.0.2'
Driver info: driver.version: unknown
]]></failure>
  </testcase>
  <testcase name="test03" classname="ru.otus.qa.automation.tests.testng.Test03" time="0">
    <skipped message="Error forwarding the new session cannot find : Capabilities {browserName: chrome, platform: WIN8, version: 91}&#10;Command duration or timeout: 123 milliseconds"/>
  </testcase>
  <testcase name="tearDown" classname="ru.otus.qa.automation.tests.testng.Test03" time="0">
    <skipped/>
  </testcase>
  <testcase name="setUp" classname="ru.otus.qa.automation.tests.testng.Test02" time="1.331">
    <failure message="Error forwarding the new session cannot find : Capabilities {browserName: chrome, platform: WIN8, version: 91}&#10;Command duration or timeout: 123 milliseconds" type="org.openqa.selenium.WebDriverException"><![CDATA[org.openqa.selenium.WebDriverException: 
Error forwarding the new session cannot find : Capabilities {browserName: chrome, platform: WIN8, version: 91}
Command duration or timeout: 123 milliseconds
	at ru.otus.qa.automation.tests.testng.Test02.setUp(Test02.java:17)
Caused by: org.openqa.selenium.WebDriverException: 
Error forwarding the new session cannot find : Capabilities {browserName: chrome, platform: WIN8, version: 91}
Build info: version: '3.141.59', revision: 'e82be7d358', time: '2018-11-14T08:17:03'
System info: host: 'LP-RU00535.local', ip: 'fe80:0:0:0:4bf:58c7:fa13:808f%en0', os.name: 'Mac OS X', os.arch: 'x86_64', os.version: '10.15.7', java.version: '15.0.2'
Driver info: driver.version: unknown
]]></failure>
  </testcase>
  <testcase name="test02" classname="ru.otus.qa.automation.tests.testng.Test02" time="0">
    <skipped message="Error forwarding the new session cannot find : Capabilities {browserName: chrome, platform: WIN8, version: 91}&#10;Command duration or timeout: 123 milliseconds"/>
  </testcase>
  <testcase name="tearDown" classname="ru.otus.qa.automation.tests.testng.Test02" time="0">
    <skipped/>
  </testcase>
  <testcase name="setUp" classname="ru.otus.qa.automation.tests.testng.Test01" time="1.331">
    <failure message="Error forwarding the new session cannot find : Capabilities {browserName: chrome, platform: WIN8, version: 91}&#10;Command duration or timeout: 123 milliseconds" type="org.openqa.selenium.WebDriverException"><![CDATA[org.openqa.selenium.WebDriverException: 
Error forwarding the new session cannot find : Capabilities {browserName: chrome, platform: WIN8, version: 91}
Command duration or timeout: 123 milliseconds
	at ru.otus.qa.automation.tests.testng.Test01.setUp(Test01.java:17)
Caused by: org.openqa.selenium.WebDriverException: 
Error forwarding the new session cannot find : Capabilities {browserName: chrome, platform: WIN8, version: 91}
Build info: version: '3.141.59', revision: 'e82be7d358', time: '2018-11-14T08:17:03'
System info: host: 'LP-RU00535.local', ip: 'fe80:0:0:0:4bf:58c7:fa13:808f%en0', os.name: 'Mac OS X', os.arch: 'x86_64', os.version: '10.15.7', java.version: '15.0.2'
Driver info: driver.version: unknown
]]></failure>
  </testcase>
  <testcase name="test01" classname="ru.otus.qa.automation.tests.testng.Test01" time="0">
    <skipped message="Error forwarding the new session cannot find : Capabilities {browserName: chrome, platform: WIN8, version: 91}&#10;Command duration or timeout: 123 milliseconds"/>
  </testcase>
  <testcase name="tearDown" classname="ru.otus.qa.automation.tests.testng.Test01" time="0">
    <skipped/>
  </testcase>
  <testcase name="setUp" classname="ru.otus.qa.automation.tests.testng.Test04" time="1.332">
    <failure message="Error forwarding the new session cannot find : Capabilities {browserName: chrome, platform: WIN8, version: 91}&#10;Command duration or timeout: 123 milliseconds" type="org.openqa.selenium.WebDriverException"><![CDATA[org.openqa.selenium.WebDriverException: 
Error forwarding the new session cannot find : Capabilities {browserName: chrome, platform: WIN8, version: 91}
Command duration or timeout: 123 milliseconds
	at ru.otus.qa.automation.tests.testng.Test04.setUp(Test04.java:17)
Caused by: org.openqa.selenium.WebDriverException: 
Error forwarding the new session cannot find : Capabilities {browserName: chrome, platform: WIN8, version: 91}
Build info: version: '3.141.59', revision: 'e82be7d358', time: '2018-11-14T08:17:03'
System info: host: 'LP-RU00535.local', ip: 'fe80:0:0:0:4bf:58c7:fa13:808f%en0', os.name: 'Mac OS X', os.arch: 'x86_64', os.version: '10.15.7', java.version: '15.0.2'
Driver info: driver.version: unknown
]]></failure>
  </testcase>
  <testcase name="test04" classname="ru.otus.qa.automation.tests.testng.Test04" time="0">
    <skipped message="Error forwarding the new session cannot find : Capabilities {browserName: chrome, platform: WIN8, version: 91}&#10;Command duration or timeout: 123 milliseconds"/>
  </testcase>
  <testcase name="tearDown" classname="ru.otus.qa.automation.tests.testng.Test04" time="0">
    <skipped/>
  </testcase>
  <testcase name="setUp" classname="ru.otus.qa.automation.tests.testng.Test05" time="1.333">
    <failure message="Error forwarding the new session cannot find : Capabilities {browserName: chrome, platform: WIN8, version: 91}&#10;Command duration or timeout: 123 milliseconds" type="org.openqa.selenium.WebDriverException"><![CDATA[org.openqa.selenium.WebDriverException: 
Error forwarding the new session cannot find : Capabilities {browserName: chrome, platform: WIN8, version: 91}
Command duration or timeout: 123 milliseconds
	at ru.otus.qa.automation.tests.testng.Test05.setUp(Test05.java:17)
Caused by: org.openqa.selenium.WebDriverException: 
Error forwarding the new session cannot find : Capabilities {browserName: chrome, platform: WIN8, version: 91}
Build info: version: '3.141.59', revision: 'e82be7d358', time: '2018-11-14T08:17:03'
System info: host: 'LP-RU00535.local', ip: 'fe80:0:0:0:4bf:58c7:fa13:808f%en0', os.name: 'Mac OS X', os.arch: 'x86_64', os.version: '10.15.7', java.version: '15.0.2'
Driver info: driver.version: unknown
]]></failure>
  </testcase>
  <testcase name="test05" classname="ru.otus.qa.automation.tests.testng.Test05" time="0">
    <skipped message="Error forwarding the new session cannot find : Capabilities {browserName: chrome, platform: WIN8, version: 91}&#10;Command duration or timeout: 123 milliseconds"/>
  </testcase>
  <testcase name="tearDown" classname="ru.otus.qa.automation.tests.testng.Test05" time="0">
    <skipped/>
  </testcase>
</testsuite>